<beans xmlns:xsi="http://www.w3.org/2001/XMLSchema-instance" 
	xmlns="http://www.springframework.org/schema/beans"
	xmlns:mvc="http://www.springframework.org/schema/mvc" 
	xmlns:tx="http://www.springframework.org/schema/tx"
	xmlns:context="http://www.springframework.org/schema/context"
	xmlns:aop="http://www.springframework.org/schema/aop" 
	xmlns:amq="http://activemq.apache.org/schema/core"
	xmlns:jms="http://www.springframework.org/schema/jms" 
	xmlns:websocket="http://www.springframework.org/schema/websocket"
	xsi:schemaLocation="http://www.springframework.org/schema/beans
	http://www.springframework.org/schema/beans/spring-beans-4.1.xsd
	http://www.springframework.org/schema/mvc
	http://www.springframework.org/schema/mvc/spring-mvc-4.1.xsd
	http://www.springframework.org/schema/tx
	http://www.springframework.org/schema/tx/spring-tx-4.1.xsd
	http://www.springframework.org/schema/context
	http://www.springframework.org/schema/context/spring-context-4.1.xsd
	http://www.springframework.org/schema/aop
	http://www.springframework.org/schema/aop/spring-aop-4.1.xsd
	http://activemq.apache.org/schema/core
	http://activemq.apache.org/schema/core/activemq-core-5.11.1.xsd
	http://www.springframework.org/schema/jms
	http://www.springframework.org/schema/jms/spring-jms.xsd
	http://www.springframework.org/schema/websocket
 	http://www.springframework.org/schema/websocket/spring-websocket-4.1.xsd">

	<!-- Base Components -->
	<context:annotation-config />
	<context:component-scan base-package="com.trunkshell.voj" />

	<!-- Enable @Controller annotation support -->
	<mvc:annotation-driven />
	<mvc:resources mapping="/assets/**" location="/assets/" />
	<mvc:resources mapping="/druid/**" location="/WEB-INF/support/http/resources" />
	
	<!-- Enable AspectJ style of Spring AOP -->
	<aop:aspectj-autoproxy />

	<!-- Map simple view name such as "test" into /WEB-INF/test.jsp -->
	<bean class="org.springframework.web.servlet.view.InternalResourceViewResolver">
		<property name="prefix">
			<value>/WEB-INF/views/</value>
		</property>
		<property name="suffix">
			<value>.jsp</value>
		</property>
	</bean>

	<!-- JDBC Data Source. It is assumed you have MySQL running on localhost 
		port 3306 with username root and blank password. Change below if it's not 
		the case -->
	<bean id="dataSource" 
		class="com.alibaba.druid.pool.DruidDataSource"
		init-method="init" destroy-method="close">
		<property name="driverClassName" value="com.mysql.jdbc.Driver" />
		<property name="url" value="jdbc:mysql://127.0.0.1:3306/test?characterEncoding=UTF-8" />
		<property name="username" value="root" />
		<property name="password" value="" />
		<property name="initialSize" value="0" />
		<property name="maxActive" value="5" />
		<property name="minIdle" value="3" />
		<property name="maxIdle" value="10" />
		<property name="maxWait" value="30000" />
		<property name="timeBetweenEvictionRunsMillis" value="60000" />
		<property name="minEvictableIdleTimeMillis" value="25200000" />
		<property name="removeAbandoned" value="true" />
		<property name="removeAbandonedTimeout" value="1800" />
		<property name="validationQuery" value="SELECT 1" />
	</bean>
	<bean id="sessionFactory" class="org.mybatis.spring.SqlSessionFactoryBean">
		<property name="dataSource" ref="dataSource" />
	</bean>
	<bean class="org.mybatis.spring.mapper.MapperScannerConfigurer">
		<property name="basePackage" value="com.trunkshell.voj.mapper" />
	</bean>
	<bean id="transactionManager"
		  class="org.springframework.jdbc.datasource.DataSourceTransactionManager">
		<property name="dataSource" ref="dataSource" />
	</bean>
	<tx:annotation-driven transaction-manager="transactionManager"/>

	<!-- Mail Service -->
	<bean id="velocityEngine" class="org.springframework.ui.velocity.VelocityEngineFactoryBean">
		<property name="resourceLoaderPath" value="classpath:/mails" />
		<property name="preferFileSystemAccess" value="false" />
	</bean>
	<bean id="mailSender" class="org.springframework.mail.javamail.JavaMailSenderImpl">
		<property name="host" value="smtp.mailgun.org" />
		<property name="username" value="postmaster@zjhzxhz.com" />
		<property name="password" value="" />
		<property name="javaMailProperties">
			<props>
				<prop key="mail.smtp.auth">true</prop>
				<prop key="mail.smtp.starttls.enable">true</prop>
			</props>
		</property>
	</bean>
	<bean id="vojMailSender" 
		class="com.trunkshell.voj.util.MailSender">
	</bean>
	
	<!-- Message Service -->
	<bean id="amqConnectionFactory" class="org.apache.activemq.ActiveMQConnectionFactory">
		<constructor-arg index="0" value="vm://localhost?broker.persistent=false"/>
	</bean>
	<bean id="connectionFactory" class="org.springframework.jms.connection.CachingConnectionFactory">
		<constructor-arg ref="amqConnectionFactory" />
	</bean> 
	<bean id="defaultDestination" class="org.apache.activemq.command.ActiveMQQueue">
		<constructor-arg index="0" value="vojMessageQueue"/>
	</bean>		
	<bean id="jmsTemplate" class="org.springframework.jms.core.JmsTemplate">
		<property name="connectionFactory" ref="connectionFactory" />
		<property name="defaultDestination" ref="defaultDestination" />
	</bean>
	<bean class="org.springframework.jms.listener.SimpleMessageListenerContainer">
		<property name="connectionFactory" ref="connectionFactory" />
		<property name="destinationName" value="vojMessageQueue" />
		<property name="messageListener" ref="messageReceiver" />
	</bean> 
	<bean id="messageSender" class="com.trunkshell.voj.util.MessageSender"></bean>
	<bean id="messageReceiver" class="com.trunkshell.voj.util.MessageReceiver"></bean>
	
	<!-- WebSocket for Message Service -->
	<websocket:message-broker
		application-destination-prefix="/voj">
		<websocket:stomp-endpoint path="/websocket/getRealTimeJudgeResult.action/{submissionId}">
			<websocket:sockjs />
		</websocket:stomp-endpoint>
		<websocket:simple-broker prefix="/topic" />
	</websocket:message-broker>
</beans>